Using pre-set license
Built from '2021.3/release' branch; Version is '2021.3.12f1 (8af3c3e441b1) revision 9106371'; Using compiler version '192829333'; Build Type 'Release'
OS: 'Windows 10  (10.0.19044) 64bit Core' Language: 'ru' Physical Memory: 14252 MB
BatchMode: 1, IsHumanControllingUs: 0, StartBugReporterOnCrash: 0, Is64bit: 1, IsPro: 1

COMMAND LINE ARGUMENTS:
D:\Programms\Unity\2021.3.12f1\Editor\Unity.exe
-adb2
-batchMode
-noUpm
-name
AssetImportWorker8
-projectPath
D:/Project/Lost in The Feer
-logFile
Logs/AssetImportWorker8.log
-srvPort
64967
Successfully changed project path to: D:/Project/Lost in The Feer
D:/Project/Lost in The Feer
[UnityMemory] Configuration Parameters - Can be set up in boot.config
    "memorysetup-bucket-allocator-granularity=16"
    "memorysetup-bucket-allocator-bucket-count=8"
    "memorysetup-bucket-allocator-block-size=33554432"
    "memorysetup-bucket-allocator-block-count=8"
    "memorysetup-main-allocator-block-size=16777216"
    "memorysetup-thread-allocator-block-size=16777216"
    "memorysetup-gfx-main-allocator-block-size=16777216"
    "memorysetup-gfx-thread-allocator-block-size=16777216"
    "memorysetup-cache-allocator-block-size=4194304"
    "memorysetup-typetree-allocator-block-size=2097152"
    "memorysetup-profiler-bucket-allocator-granularity=16"
    "memorysetup-profiler-bucket-allocator-bucket-count=8"
    "memorysetup-profiler-bucket-allocator-block-size=33554432"
    "memorysetup-profiler-bucket-allocator-block-count=8"
    "memorysetup-profiler-allocator-block-size=16777216"
    "memorysetup-profiler-editor-allocator-block-size=1048576"
    "memorysetup-temp-allocator-size-main=16777216"
    "memorysetup-job-temp-allocator-block-size=2097152"
    "memorysetup-job-temp-allocator-block-size-background=1048576"
    "memorysetup-job-temp-allocator-reduction-small-platforms=262144"
    "memorysetup-temp-allocator-size-background-worker=32768"
    "memorysetup-temp-allocator-size-job-worker=262144"
    "memorysetup-temp-allocator-size-preload-manager=33554432"
    "memorysetup-temp-allocator-size-nav-mesh-worker=65536"
    "memorysetup-temp-allocator-size-audio-worker=65536"
    "memorysetup-temp-allocator-size-cloud-worker=32768"
    "memorysetup-temp-allocator-size-gi-baking-worker=262144"
    "memorysetup-temp-allocator-size-gfx=262144"
Refreshing native plugins compatible for Editor in 121.71 ms, found 2 plugins.
Preloading 0 native plugins for Editor in 0.00 ms.
Initialize engine version: 2021.3.12f1 (8af3c3e441b1)
[Subsystems] Discovering subsystems at path D:/Programms/Unity/2021.3.12f1/Editor/Data/Resources/UnitySubsystems
[Subsystems] Discovering subsystems at path D:/Project/Lost in The Feer/Assets
GfxDevice: creating device client; threaded=0; jobified=0
Direct3D:
    Version:  Direct3D 11.0 [level 11.1]
    Renderer: NVIDIA GeForce GTX 970 (ID=0x13c2)
    Vendor:   NVIDIA
    VRAM:     4037 MB
    Driver:   31.0.15.2802
Initialize mono
Mono path[0] = 'D:/Programms/Unity/2021.3.12f1/Editor/Data/Managed'
Mono path[1] = 'D:/Programms/Unity/2021.3.12f1/Editor/Data/MonoBleedingEdge/lib/mono/unityjit-win32'
Mono config path = 'D:/Programms/Unity/2021.3.12f1/Editor/Data/MonoBleedingEdge/etc'
Using monoOptions --debugger-agent=transport=dt_socket,embedding=1,server=y,suspend=n,address=127.0.0.1:56312
Begin MonoManager ReloadAssembly
Registering precompiled unity dll's ...
Register platform support module: D:/Programms/Unity/2021.3.12f1/Editor/Data/PlaybackEngines/WebGLSupport/UnityEditor.WebGL.Extensions.dll
Register platform support module: D:/Programms/Unity/2021.3.12f1/Editor/Data/PlaybackEngines/WindowsStandaloneSupport/UnityEditor.WindowsStandalone.Extensions.dll
Register platform support module: D:/Programms/Unity/2021.3.12f1/Editor/Data/PlaybackEngines/MetroSupport/UnityEditor.UWP.Extensions.dll
Registered in 0.014535 seconds.
Native extension for UWP target not found
Native extension for WindowsStandalone target not found
Native extension for WebGL target not found
Refreshing native plugins compatible for Editor in 129.82 ms, found 2 plugins.
Preloading 0 native plugins for Editor in 0.00 ms.
Mono: successfully reloaded assembly
- Completed reload, in  1.244 seconds
Domain Reload Profiling:
	ReloadAssembly (1245ms)
		BeginReloadAssembly (140ms)
			ExecutionOrderSort (0ms)
			DisableScriptedObjects (0ms)
			BackupInstance (0ms)
			ReleaseScriptingObjects (0ms)
			CreateAndSetChildDomain (1ms)
		EndReloadAssembly (876ms)
			LoadAssemblies (139ms)
			RebuildTransferFunctionScriptingTraits (0ms)
			SetupTypeCache (231ms)
			ReleaseScriptCaches (0ms)
			RebuildScriptCaches (55ms)
			SetupLoadedEditorAssemblies (492ms)
				LogAssemblyErrors (0ms)
				InitializePlatformSupportModulesInManaged (19ms)
				SetLoadedEditorAssemblies (0ms)
				RefreshPlugins (130ms)
				BeforeProcessingInitializeOnLoad (3ms)
				ProcessInitializeOnLoadAttributes (246ms)
				ProcessInitializeOnLoadMethodAttributes (94ms)
				AfterProcessingInitializeOnLoad (0ms)
				EditorAssembliesLoaded (0ms)
			ExecutionOrderSort2 (0ms)
			AwakeInstancesAfterBackupRestoration (0ms)
Platform modules already initialized, skipping
Registering precompiled user dll's ...
Registered in 0.016253 seconds.
Begin MonoManager ReloadAssembly
Native extension for UWP target not found
Native extension for WindowsStandalone target not found
Native extension for WebGL target not found
Refreshing native plugins compatible for Editor in 1.30 ms, found 2 plugins.
Preloading 0 native plugins for Editor in 0.00 ms.
Mono: successfully reloaded assembly
- Completed reload, in  1.986 seconds
Domain Reload Profiling:
	ReloadAssembly (1988ms)
		BeginReloadAssembly (223ms)
			ExecutionOrderSort (0ms)
			DisableScriptedObjects (13ms)
			BackupInstance (0ms)
			ReleaseScriptingObjects (0ms)
			CreateAndSetChildDomain (31ms)
		EndReloadAssembly (1526ms)
			LoadAssemblies (177ms)
			RebuildTransferFunctionScriptingTraits (0ms)
			SetupTypeCache (559ms)
			ReleaseScriptCaches (1ms)
			RebuildScriptCaches (94ms)
			SetupLoadedEditorAssemblies (645ms)
				LogAssemblyErrors (0ms)
				InitializePlatformSupportModulesInManaged (13ms)
				SetLoadedEditorAssemblies (2ms)
				RefreshPlugins (1ms)
				BeforeProcessingInitializeOnLoad (151ms)
				ProcessInitializeOnLoadAttributes (398ms)
				ProcessInitializeOnLoadMethodAttributes (69ms)
				AfterProcessingInitializeOnLoad (11ms)
				EditorAssembliesLoaded (0ms)
			ExecutionOrderSort2 (0ms)
			AwakeInstancesAfterBackupRestoration (14ms)
Platform modules already initialized, skipping
========================================================================
Worker process is ready to serve import requests
Launched and connected shader compiler UnityShaderCompiler.exe after 0.07 seconds
Refreshing native plugins compatible for Editor in 1.21 ms, found 2 plugins.
Preloading 0 native plugins for Editor in 0.00 ms.
Unloading 3210 Unused Serialized files (Serialized files now loaded: 0)
Unloading 44 unused Assets / (259.5 KB). Loaded Objects now: 3686.
Memory consumption went from 227.3 MB to 227.1 MB.
Total: 5.552200 ms (FindLiveObjects: 0.408700 ms CreateObjectMapping: 0.200000 ms MarkObjects: 4.706200 ms  DeleteObjects: 0.235400 ms)

AssetImportParameters requested are different than current active one (requested -> active):
  custom:video-decoder-ogg-theora: a1e56fd34408186e4bbccfd4996cb3dc -> 
  custom:container-muxer-webm: aa71ff27fc2769a1b78a27578f13a17b -> 
  custom:container-demuxer-webm: 4f35f7cbe854078d1ac9338744f61a02 -> 
  custom:video-encoder-webm-vp8: eb34c28f22e8b96e1ab97ce403110664 -> 
  custom:audio-encoder-webm-vorbis: bf7c407c2cedff20999df2af8eb42d56 -> 
  custom:framework-win-MediaFoundation: 216162199b28c13a410421893ffa2e32 -> 
  custom:container-demuxer-ogg: 62fdf1f143b41e24485cea50d1cbac27 -> 
  custom:video-decoder-webm-vp8: 9c59270c3fd7afecdb556c50c9e8de78 -> 
  custom:audio-decoder-ogg-vorbis: bf7c407c2cedff20999df2af8eb42d56 -> 
========================================================================
Received Prepare
Registering precompiled user dll's ...
Registered in 0.014126 seconds.
Begin MonoManager ReloadAssembly
Native extension for UWP target not found
Native extension for WindowsStandalone target not found
Native extension for WebGL target not found
Refreshing native plugins compatible for Editor in 1.13 ms, found 2 plugins.
Preloading 0 native plugins for Editor in 0.00 ms.
Mono: successfully reloaded assembly
- Completed reload, in  2.122 seconds
Domain Reload Profiling:
	ReloadAssembly (2123ms)
		BeginReloadAssembly (266ms)
			ExecutionOrderSort (0ms)
			DisableScriptedObjects (10ms)
			BackupInstance (0ms)
			ReleaseScriptingObjects (0ms)
			CreateAndSetChildDomain (64ms)
		EndReloadAssembly (1643ms)
			LoadAssemblies (188ms)
			RebuildTransferFunctionScriptingTraits (0ms)
			SetupTypeCache (570ms)
			ReleaseScriptCaches (2ms)
			RebuildScriptCaches (87ms)
			SetupLoadedEditorAssemblies (742ms)
				LogAssemblyErrors (0ms)
				InitializePlatformSupportModulesInManaged (29ms)
				SetLoadedEditorAssemblies (1ms)
				RefreshPlugins (1ms)
				BeforeProcessingInitializeOnLoad (144ms)
				ProcessInitializeOnLoadAttributes (480ms)
				ProcessInitializeOnLoadMethodAttributes (76ms)
				AfterProcessingInitializeOnLoad (10ms)
				EditorAssembliesLoaded (0ms)
			ExecutionOrderSort2 (0ms)
			AwakeInstancesAfterBackupRestoration (15ms)
Platform modules already initialized, skipping
Refreshing native plugins compatible for Editor in 4.74 ms, found 2 plugins.
Preloading 0 native plugins for Editor in 0.00 ms.
Unloading 3157 Unused Serialized files (Serialized files now loaded: 0)
Unloading 37 unused Assets / (226.4 KB). Loaded Objects now: 3689.
Memory consumption went from 222.2 MB to 222.0 MB.
Total: 6.211700 ms (FindLiveObjects: 0.556300 ms CreateObjectMapping: 0.206300 ms MarkObjects: 5.212600 ms  DeleteObjects: 0.234400 ms)

AssetImportParameters requested are different than current active one (requested -> active):
  custom:video-decoder-ogg-theora: a1e56fd34408186e4bbccfd4996cb3dc -> 
  custom:container-muxer-webm: aa71ff27fc2769a1b78a27578f13a17b -> 
  custom:container-demuxer-webm: 4f35f7cbe854078d1ac9338744f61a02 -> 
  custom:video-encoder-webm-vp8: eb34c28f22e8b96e1ab97ce403110664 -> 
  custom:audio-encoder-webm-vorbis: bf7c407c2cedff20999df2af8eb42d56 -> 
  custom:framework-win-MediaFoundation: 216162199b28c13a410421893ffa2e32 -> 
  custom:container-demuxer-ogg: 62fdf1f143b41e24485cea50d1cbac27 -> 
  custom:video-decoder-webm-vp8: 9c59270c3fd7afecdb556c50c9e8de78 -> 
  custom:audio-decoder-ogg-vorbis: bf7c407c2cedff20999df2af8eb42d56 -> 
========================================================================
Received Prepare
Registering precompiled user dll's ...
Registered in 0.013491 seconds.
Begin MonoManager ReloadAssembly
Native extension for UWP target not found
Native extension for WindowsStandalone target not found
Native extension for WebGL target not found
Refreshing native plugins compatible for Editor in 1.05 ms, found 2 plugins.
Preloading 0 native plugins for Editor in 0.00 ms.
Mono: successfully reloaded assembly
- Completed reload, in  1.727 seconds
Domain Reload Profiling:
	ReloadAssembly (1729ms)
		BeginReloadAssembly (212ms)
			ExecutionOrderSort (0ms)
			DisableScriptedObjects (11ms)
			BackupInstance (0ms)
			ReleaseScriptingObjects (0ms)
			CreateAndSetChildDomain (55ms)
		EndReloadAssembly (1363ms)
			LoadAssemblies (145ms)
			RebuildTransferFunctionScriptingTraits (0ms)
			SetupTypeCache (438ms)
			ReleaseScriptCaches (2ms)
			RebuildScriptCaches (84ms)
			SetupLoadedEditorAssemblies (608ms)
				LogAssemblyErrors (0ms)
				InitializePlatformSupportModulesInManaged (23ms)
				SetLoadedEditorAssemblies (1ms)
				RefreshPlugins (1ms)
				BeforeProcessingInitializeOnLoad (126ms)
				ProcessInitializeOnLoadAttributes (390ms)
				ProcessInitializeOnLoadMethodAttributes (58ms)
				AfterProcessingInitializeOnLoad (10ms)
				EditorAssembliesLoaded (0ms)
			ExecutionOrderSort2 (0ms)
			AwakeInstancesAfterBackupRestoration (13ms)
Platform modules already initialized, skipping
Refreshing native plugins compatible for Editor in 4.62 ms, found 2 plugins.
Preloading 0 native plugins for Editor in 0.00 ms.
Unloading 3157 Unused Serialized files (Serialized files now loaded: 0)
Unloading 37 unused Assets / (226.4 KB). Loaded Objects now: 3692.
Memory consumption went from 222.2 MB to 222.0 MB.
Total: 5.219100 ms (FindLiveObjects: 0.410900 ms CreateObjectMapping: 0.186100 ms MarkObjects: 4.418200 ms  DeleteObjects: 0.202300 ms)

AssetImportParameters requested are different than current active one (requested -> active):
  custom:video-decoder-ogg-theora: a1e56fd34408186e4bbccfd4996cb3dc -> 
  custom:container-muxer-webm: aa71ff27fc2769a1b78a27578f13a17b -> 
  custom:container-demuxer-webm: 4f35f7cbe854078d1ac9338744f61a02 -> 
  custom:video-encoder-webm-vp8: eb34c28f22e8b96e1ab97ce403110664 -> 
  custom:audio-encoder-webm-vorbis: bf7c407c2cedff20999df2af8eb42d56 -> 
  custom:framework-win-MediaFoundation: 216162199b28c13a410421893ffa2e32 -> 
  custom:container-demuxer-ogg: 62fdf1f143b41e24485cea50d1cbac27 -> 
  custom:video-decoder-webm-vp8: 9c59270c3fd7afecdb556c50c9e8de78 -> 
  custom:audio-decoder-ogg-vorbis: bf7c407c2cedff20999df2af8eb42d56 -> 
========================================================================
Received Prepare
Registering precompiled user dll's ...
Registered in 0.012445 seconds.
Begin MonoManager ReloadAssembly
Native extension for UWP target not found
Native extension for WindowsStandalone target not found
Native extension for WebGL target not found
Refreshing native plugins compatible for Editor in 1.20 ms, found 2 plugins.
Preloading 0 native plugins for Editor in 0.00 ms.
Mono: successfully reloaded assembly
- Completed reload, in  1.664 seconds
Domain Reload Profiling:
	ReloadAssembly (1665ms)
		BeginReloadAssembly (210ms)
			ExecutionOrderSort (0ms)
			DisableScriptedObjects (9ms)
			BackupInstance (0ms)
			ReleaseScriptingObjects (0ms)
			CreateAndSetChildDomain (53ms)
		EndReloadAssembly (1298ms)
			LoadAssemblies (151ms)
			RebuildTransferFunctionScriptingTraits (0ms)
			SetupTypeCache (434ms)
			ReleaseScriptCaches (2ms)
			RebuildScriptCaches (73ms)
			SetupLoadedEditorAssemblies (571ms)
				LogAssemblyErrors (0ms)
				InitializePlatformSupportModulesInManaged (25ms)
				SetLoadedEditorAssemblies (1ms)
				RefreshPlugins (1ms)
				BeforeProcessingInitializeOnLoad (107ms)
				ProcessInitializeOnLoadAttributes (364ms)
				ProcessInitializeOnLoadMethodAttributes (60ms)
				AfterProcessingInitializeOnLoad (12ms)
				EditorAssembliesLoaded (0ms)
			ExecutionOrderSort2 (0ms)
			AwakeInstancesAfterBackupRestoration (13ms)
Platform modules already initialized, skipping
Refreshing native plugins compatible for Editor in 3.69 ms, found 2 plugins.
Preloading 0 native plugins for Editor in 0.00 ms.
Unloading 3157 Unused Serialized files (Serialized files now loaded: 0)
Unloading 37 unused Assets / (226.5 KB). Loaded Objects now: 3695.
Memory consumption went from 222.2 MB to 222.0 MB.
Total: 6.479700 ms (FindLiveObjects: 0.370900 ms CreateObjectMapping: 0.189100 ms MarkObjects: 5.706200 ms  DeleteObjects: 0.211600 ms)

AssetImportParameters requested are different than current active one (requested -> active):
  custom:video-decoder-ogg-theora: a1e56fd34408186e4bbccfd4996cb3dc -> 
  custom:container-muxer-webm: aa71ff27fc2769a1b78a27578f13a17b -> 
  custom:container-demuxer-webm: 4f35f7cbe854078d1ac9338744f61a02 -> 
  custom:video-encoder-webm-vp8: eb34c28f22e8b96e1ab97ce403110664 -> 
  custom:audio-encoder-webm-vorbis: bf7c407c2cedff20999df2af8eb42d56 -> 
  custom:framework-win-MediaFoundation: 216162199b28c13a410421893ffa2e32 -> 
  custom:container-demuxer-ogg: 62fdf1f143b41e24485cea50d1cbac27 -> 
  custom:video-decoder-webm-vp8: 9c59270c3fd7afecdb556c50c9e8de78 -> 
  custom:audio-decoder-ogg-vorbis: bf7c407c2cedff20999df2af8eb42d56 -> 
========================================================================
Received Import Request.
  Time since last request: 12373.488794 seconds.
  path: Assets/Gama Data/Art/Models/Int Door/Table.fbx
  artifactKey: Guid(792a9d105f00ae4449ad133c0414f22b) Importer(815301076,1909f56bfc062723c751e8b465ee728b)
Start importing Assets/Gama Data/Art/Models/Int Door/Table.fbx using Guid(792a9d105f00ae4449ad133c0414f22b) Importer(815301076,1909f56bfc062723c751e8b465ee728b)  -> (artifact id: 'aff2e97751d0ca606474f2bfa54f5358') in 0.352980 seconds 
========================================================================
Received Import Request.
  Time since last request: 7.779861 seconds.
  path: Assets/Gama Data/Art/Models/Int Door/Table.fbx
  artifactKey: Guid(792a9d105f00ae4449ad133c0414f22b) Importer(815301076,1909f56bfc062723c751e8b465ee728b)
Start importing Assets/Gama Data/Art/Models/Int Door/Table.fbx using Guid(792a9d105f00ae4449ad133c0414f22b) Importer(815301076,1909f56bfc062723c751e8b465ee728b)  -> (artifact id: '8e533f2f8932075e7f93047702df8b1a') in 0.047918 seconds 
========================================================================
Received Import Request.
  Time since last request: 38.037828 seconds.
  path: Assets/Gama Data/Art/Models/Int Door/Table 1.fbx
  artifactKey: Guid(5e49e107de1f6d44d838c268ea9aa5fa) Importer(815301076,1909f56bfc062723c751e8b465ee728b)
Start importing Assets/Gama Data/Art/Models/Int Door/Table 1.fbx using Guid(5e49e107de1f6d44d838c268ea9aa5fa) Importer(815301076,1909f56bfc062723c751e8b465ee728b)  -> (artifact id: 'ddc04b11b9166cd7b0cef2fc6f1383a2') in 0.024324 seconds 
========================================================================
Received Import Request.
  Time since last request: 7.137786 seconds.
  path: Assets/Gama Data/Art/Models/Int Door/Table.fbx
  artifactKey: Guid(792a9d105f00ae4449ad133c0414f22b) Importer(815301076,1909f56bfc062723c751e8b465ee728b)
Start importing Assets/Gama Data/Art/Models/Int Door/Table.fbx using Guid(792a9d105f00ae4449ad133c0414f22b) Importer(815301076,1909f56bfc062723c751e8b465ee728b)  -> (artifact id: '9ad66ccf0422238df3fd239a206e51ab') in 0.023630 seconds 
========================================================================
Received Import Request.
  Time since last request: 13.434493 seconds.
  path: Assets/Gama Data/Art/Models/Int Door/Table.fbx
  artifactKey: Guid(792a9d105f00ae4449ad133c0414f22b) Importer(815301076,1909f56bfc062723c751e8b465ee728b)
Start importing Assets/Gama Data/Art/Models/Int Door/Table.fbx using Guid(792a9d105f00ae4449ad133c0414f22b) Importer(815301076,1909f56bfc062723c751e8b465ee728b)  -> (artifact id: 'b681830f0ebf0057fc0cbe5b88a65e25') in 0.025465 seconds 
========================================================================
Received Import Request.
  Time since last request: 17.243387 seconds.
  path: Assets/Gama Data/Art/Models/Int Door/Table.fbx
  artifactKey: Guid(792a9d105f00ae4449ad133c0414f22b) Importer(815301076,1909f56bfc062723c751e8b465ee728b)
Start importing Assets/Gama Data/Art/Models/Int Door/Table.fbx using Guid(792a9d105f00ae4449ad133c0414f22b) Importer(815301076,1909f56bfc062723c751e8b465ee728b)  -> (artifact id: '90adecf5fcd45a25846598f7fd36ea9f') in 0.024185 seconds 
========================================================================
Received Import Request.
  Time since last request: 30.932046 seconds.
  path: Assets/Gama Data/Art/Models/Int Door/Table.fbx
  artifactKey: Guid(792a9d105f00ae4449ad133c0414f22b) Importer(815301076,1909f56bfc062723c751e8b465ee728b)
Start importing Assets/Gama Data/Art/Models/Int Door/Table.fbx using Guid(792a9d105f00ae4449ad133c0414f22b) Importer(815301076,1909f56bfc062723c751e8b465ee728b)  -> (artifact id: 'a70087f28a55e59503b8f70633b05cf8') in 0.025635 seconds 
========================================================================
Received Import Request.
  Time since last request: 22.887029 seconds.
  path: Assets/Gama Data/Art/Models/Int Door/Table.fbx
  artifactKey: Guid(792a9d105f00ae4449ad133c0414f22b) Importer(815301076,1909f56bfc062723c751e8b465ee728b)
Start importing Assets/Gama Data/Art/Models/Int Door/Table.fbx using Guid(792a9d105f00ae4449ad133c0414f22b) Importer(815301076,1909f56bfc062723c751e8b465ee728b)  -> (artifact id: 'c438ee2b4d5f44c43b2c4a38e41b32d4') in 0.023696 seconds 
========================================================================
Received Import Request.
  Time since last request: 15827.754304 seconds.
  path: Assets/Gama Data/Art/Models/House/Shool.fbx
  artifactKey: Guid(b82264519614e824facd31bdf4ad0ce5) Importer(815301076,1909f56bfc062723c751e8b465ee728b)
Start importing Assets/Gama Data/Art/Models/House/Shool.fbx using Guid(b82264519614e824facd31bdf4ad0ce5) Importer(815301076,1909f56bfc062723c751e8b465ee728b)  -> (artifact id: 'f577b4193cba772d8c4eb9a04c5dfc2b') in 0.048857 seconds 
========================================================================
Received Import Request.
  Time since last request: 1.067170 seconds.
  path: Assets/Gama Data/Art/Models/House/Simple/House_(Simple)_Mesh.fbx
  artifactKey: Guid(218d88b51aaac064b8366eb922c1fc69) Importer(815301076,1909f56bfc062723c751e8b465ee728b)
Start importing Assets/Gama Data/Art/Models/House/Simple/House_(Simple)_Mesh.fbx using Guid(218d88b51aaac064b8366eb922c1fc69) Importer(815301076,1909f56bfc062723c751e8b465ee728b)  -> (artifact id: '0488d84bd74bb858c8d16db5a99ac60f') in 0.073223 seconds 
========================================================================
Received Import Request.
  Time since last request: 62.884245 seconds.
  path: Assets/Gama Data/Art/Models/House/Simple/House_(Simple)_Mesh.fbx
  artifactKey: Guid(218d88b51aaac064b8366eb922c1fc69) Importer(815301076,1909f56bfc062723c751e8b465ee728b)
Start importing Assets/Gama Data/Art/Models/House/Simple/House_(Simple)_Mesh.fbx using Guid(218d88b51aaac064b8366eb922c1fc69) Importer(815301076,1909f56bfc062723c751e8b465ee728b)  -> (artifact id: '587303ebb0b6fbdc474ca3abc00ebd77') in 0.024844 seconds 
========================================================================
Received Import Request.
  Time since last request: 23.874491 seconds.
  path: Assets/Gama Data/Art/Models/House/Simple/Simple
  artifactKey: Guid(756cb79716b777b4eb790add3af24168) Importer(815301076,1909f56bfc062723c751e8b465ee728b)
Start importing Assets/Gama Data/Art/Models/House/Simple/Simple using Guid(756cb79716b777b4eb790add3af24168) Importer(815301076,1909f56bfc062723c751e8b465ee728b)  -> (artifact id: '100739bc4c6deb4424cd8d0e881b2ffd') in 0.022460 seconds 
========================================================================
Received Import Request.
  Time since last request: 7.581167 seconds.
  path: Assets/Gama Data/Art/Models/House/Simple/Simple/Simple House Colition.fbx
  artifactKey: Guid(ea3a216d7336e4945958e8c28d9cbc3b) Importer(815301076,1909f56bfc062723c751e8b465ee728b)
Start importing Assets/Gama Data/Art/Models/House/Simple/Simple/Simple House Colition.fbx using Guid(ea3a216d7336e4945958e8c28d9cbc3b) Importer(815301076,1909f56bfc062723c751e8b465ee728b)  -> (artifact id: '49b4226b52c0cb95f2514b35af22c8e6') in 0.020597 seconds 
========================================================================
Received Import Request.
  Time since last request: 0.000027 seconds.
  path: Assets/Gama Data/Art/Models/House/Simple/Simple/Simple House Variation 2 (Mesh).fbx
  artifactKey: Guid(43e1f73cfacf327429ae3b0a98e4a7b7) Importer(815301076,1909f56bfc062723c751e8b465ee728b)
Start importing Assets/Gama Data/Art/Models/House/Simple/Simple/Simple House Variation 2 (Mesh).fbx using Guid(43e1f73cfacf327429ae3b0a98e4a7b7) Importer(815301076,1909f56bfc062723c751e8b465ee728b)  -> (artifact id: '06a24ded4bbf906a9ad8ac1c81bb1d1d') in 0.029350 seconds 
========================================================================
Received Import Request.
  Time since last request: 9.591655 seconds.
  path: Assets/Gama Data/Art/Models/House/Simple/Simple/Simple House Variation 2 (Mesh).fbx
  artifactKey: Guid(43e1f73cfacf327429ae3b0a98e4a7b7) Importer(815301076,1909f56bfc062723c751e8b465ee728b)
Start importing Assets/Gama Data/Art/Models/House/Simple/Simple/Simple House Variation 2 (Mesh).fbx using Guid(43e1f73cfacf327429ae3b0a98e4a7b7) Importer(815301076,1909f56bfc062723c751e8b465ee728b)  -> (artifact id: '73f9a75f6c76ed38a261ca474d8963c8') in 0.024444 seconds 
========================================================================
Received Import Request.
  Time since last request: 8.202445 seconds.
  path: Assets/Gama Data/Art/Models/House/Simple/Simple/Simple House Variation 1 (Mesh).fbx
  artifactKey: Guid(1f9e699b24c22064f94220017a2390db) Importer(815301076,1909f56bfc062723c751e8b465ee728b)
Start importing Assets/Gama Data/Art/Models/House/Simple/Simple/Simple House Variation 1 (Mesh).fbx using Guid(1f9e699b24c22064f94220017a2390db) Importer(815301076,1909f56bfc062723c751e8b465ee728b)  -> (artifact id: 'a8c561db1569bdb9e8801da27e81d463') in 0.024235 seconds 
========================================================================
Received Import Request.
  Time since last request: 9.519675 seconds.
  path: Assets/Gama Data/Art/Models/Big Tree.fbx
  artifactKey: Guid(e60980ade51bf364ca02b84050228980) Importer(815301076,1909f56bfc062723c751e8b465ee728b)
Start importing Assets/Gama Data/Art/Models/Big Tree.fbx using Guid(e60980ade51bf364ca02b84050228980) Importer(815301076,1909f56bfc062723c751e8b465ee728b)  -> (artifact id: 'ca449259a3bf615261c159b3f03f441e') in 0.035227 seconds 
========================================================================
Received Import Request.
  Time since last request: 0.000054 seconds.
  path: Assets/Gama Data/Art/Models/Tree.fbx
  artifactKey: Guid(8e483d7c892d4024fbef449e7eedd3ba) Importer(815301076,1909f56bfc062723c751e8b465ee728b)
Start importing Assets/Gama Data/Art/Models/Tree.fbx using Guid(8e483d7c892d4024fbef449e7eedd3ba) Importer(815301076,1909f56bfc062723c751e8b465ee728b)  -> (artifact id: '283b59771d84335bb4c9eddbece71358') in 0.038896 seconds 
========================================================================
Received Import Request.
  Time since last request: 0.000038 seconds.
  path: Assets/Gama Data/Art/Models/Wall 2m.fbx
  artifactKey: Guid(b5d4b507ae16b7649aaedb637fa725cc) Importer(815301076,1909f56bfc062723c751e8b465ee728b)
Start importing Assets/Gama Data/Art/Models/Wall 2m.fbx using Guid(b5d4b507ae16b7649aaedb637fa725cc) Importer(815301076,1909f56bfc062723c751e8b465ee728b)  -> (artifact id: '023553cb4e60993779f147a02af84a92') in 0.082056 seconds 
========================================================================
Received Import Request.
  Time since last request: 0.000039 seconds.
  path: Assets/Gama Data/Art/Models/Pillar.fbx
  artifactKey: Guid(12aa67f6a7c02304ba11a0833b38a4e9) Importer(815301076,1909f56bfc062723c751e8b465ee728b)
Start importing Assets/Gama Data/Art/Models/Pillar.fbx using Guid(12aa67f6a7c02304ba11a0833b38a4e9) Importer(815301076,1909f56bfc062723c751e8b465ee728b)  -> (artifact id: '5d094ed28a3d2f2c2b6c8e1c776eba2b') in 0.138701 seconds 
========================================================================
Received Import Request.
  Time since last request: 0.000045 seconds.
  path: Assets/Gama Data/Art/Models/Wall 4m.fbx
  artifactKey: Guid(26c051065bf608f4bb8cffcc770089dc) Importer(815301076,1909f56bfc062723c751e8b465ee728b)
Start importing Assets/Gama Data/Art/Models/Wall 4m.fbx using Guid(26c051065bf608f4bb8cffcc770089dc) Importer(815301076,1909f56bfc062723c751e8b465ee728b)  -> (artifact id: 'fbcdfb43be4e391cd9846864eab8f201') in 0.040436 seconds 
Editor requested this worker to shutdown with reason: Scaling down because of idle timeout
AssetImportWorker is now disconnected from the server
Process exiting
Exiting without the bug reporter. Application will terminate with return code 0