Using pre-set license
Built from '2021.3/release' branch; Version is '2021.3.12f1 (8af3c3e441b1) revision 9106371'; Using compiler version '192829333'; Build Type 'Release'
OS: 'Windows 10  (10.0.19044) 64bit Core' Language: 'ru' Physical Memory: 14252 MB
BatchMode: 1, IsHumanControllingUs: 0, StartBugReporterOnCrash: 0, Is64bit: 1, IsPro: 1

COMMAND LINE ARGUMENTS:
D:\Programms\Unity\2021.3.12f1\Editor\Unity.exe
-adb2
-batchMode
-noUpm
-name
AssetImportWorker0
-projectPath
D:/Project/Lost in The Feer
-logFile
Logs/AssetImportWorker0.log
-srvPort
59394
Successfully changed project path to: D:/Project/Lost in The Feer
D:/Project/Lost in The Feer
[UnityMemory] Configuration Parameters - Can be set up in boot.config
    "memorysetup-bucket-allocator-granularity=16"
    "memorysetup-bucket-allocator-bucket-count=8"
    "memorysetup-bucket-allocator-block-size=33554432"
    "memorysetup-bucket-allocator-block-count=8"
    "memorysetup-main-allocator-block-size=16777216"
    "memorysetup-thread-allocator-block-size=16777216"
    "memorysetup-gfx-main-allocator-block-size=16777216"
    "memorysetup-gfx-thread-allocator-block-size=16777216"
    "memorysetup-cache-allocator-block-size=4194304"
    "memorysetup-typetree-allocator-block-size=2097152"
    "memorysetup-profiler-bucket-allocator-granularity=16"
    "memorysetup-profiler-bucket-allocator-bucket-count=8"
    "memorysetup-profiler-bucket-allocator-block-size=33554432"
    "memorysetup-profiler-bucket-allocator-block-count=8"
    "memorysetup-profiler-allocator-block-size=16777216"
    "memorysetup-profiler-editor-allocator-block-size=1048576"
    "memorysetup-temp-allocator-size-main=16777216"
    "memorysetup-job-temp-allocator-block-size=2097152"
    "memorysetup-job-temp-allocator-block-size-background=1048576"
    "memorysetup-job-temp-allocator-reduction-small-platforms=262144"
    "memorysetup-temp-allocator-size-background-worker=32768"
    "memorysetup-temp-allocator-size-job-worker=262144"
    "memorysetup-temp-allocator-size-preload-manager=33554432"
    "memorysetup-temp-allocator-size-nav-mesh-worker=65536"
    "memorysetup-temp-allocator-size-audio-worker=65536"
    "memorysetup-temp-allocator-size-cloud-worker=32768"
    "memorysetup-temp-allocator-size-gi-baking-worker=262144"
    "memorysetup-temp-allocator-size-gfx=262144"
Refreshing native plugins compatible for Editor in 122.67 ms, found 2 plugins.
Preloading 0 native plugins for Editor in 0.00 ms.
Initialize engine version: 2021.3.12f1 (8af3c3e441b1)
[Subsystems] Discovering subsystems at path D:/Programms/Unity/2021.3.12f1/Editor/Data/Resources/UnitySubsystems
[Subsystems] Discovering subsystems at path D:/Project/Lost in The Feer/Assets
GfxDevice: creating device client; threaded=0; jobified=0
Direct3D:
    Version:  Direct3D 11.0 [level 11.1]
    Renderer: NVIDIA GeForce GTX 970 (ID=0x13c2)
    Vendor:   NVIDIA
    VRAM:     4037 MB
    Driver:   31.0.15.2802
Initialize mono
Mono path[0] = 'D:/Programms/Unity/2021.3.12f1/Editor/Data/Managed'
Mono path[1] = 'D:/Programms/Unity/2021.3.12f1/Editor/Data/MonoBleedingEdge/lib/mono/unityjit-win32'
Mono config path = 'D:/Programms/Unity/2021.3.12f1/Editor/Data/MonoBleedingEdge/etc'
Using monoOptions --debugger-agent=transport=dt_socket,embedding=1,server=y,suspend=n,address=127.0.0.1:56164
Begin MonoManager ReloadAssembly
Registering precompiled unity dll's ...
Register platform support module: D:/Programms/Unity/2021.3.12f1/Editor/Data/PlaybackEngines/WebGLSupport/UnityEditor.WebGL.Extensions.dll
Register platform support module: D:/Programms/Unity/2021.3.12f1/Editor/Data/PlaybackEngines/WindowsStandaloneSupport/UnityEditor.WindowsStandalone.Extensions.dll
Register platform support module: D:/Programms/Unity/2021.3.12f1/Editor/Data/PlaybackEngines/MetroSupport/UnityEditor.UWP.Extensions.dll
Registered in 0.012886 seconds.
Native extension for UWP target not found
Native extension for WindowsStandalone target not found
Native extension for WebGL target not found
Refreshing native plugins compatible for Editor in 116.23 ms, found 2 plugins.
Preloading 0 native plugins for Editor in 0.00 ms.
Mono: successfully reloaded assembly
- Completed reload, in  1.252 seconds
Domain Reload Profiling:
	ReloadAssembly (1254ms)
		BeginReloadAssembly (157ms)
			ExecutionOrderSort (0ms)
			DisableScriptedObjects (0ms)
			BackupInstance (0ms)
			ReleaseScriptingObjects (0ms)
			CreateAndSetChildDomain (2ms)
		EndReloadAssembly (882ms)
			LoadAssemblies (155ms)
			RebuildTransferFunctionScriptingTraits (0ms)
			SetupTypeCache (215ms)
			ReleaseScriptCaches (0ms)
			RebuildScriptCaches (57ms)
			SetupLoadedEditorAssemblies (509ms)
				LogAssemblyErrors (0ms)
				InitializePlatformSupportModulesInManaged (20ms)
				SetLoadedEditorAssemblies (0ms)
				RefreshPlugins (116ms)
				BeforeProcessingInitializeOnLoad (3ms)
				ProcessInitializeOnLoadAttributes (269ms)
				ProcessInitializeOnLoadMethodAttributes (100ms)
				AfterProcessingInitializeOnLoad (0ms)
				EditorAssembliesLoaded (0ms)
			ExecutionOrderSort2 (0ms)
			AwakeInstancesAfterBackupRestoration (0ms)
Platform modules already initialized, skipping
Registering precompiled user dll's ...
Registered in 0.017320 seconds.
Begin MonoManager ReloadAssembly
Native extension for UWP target not found
Native extension for WindowsStandalone target not found
Native extension for WebGL target not found
Refreshing native plugins compatible for Editor in 1.26 ms, found 2 plugins.
Preloading 0 native plugins for Editor in 0.00 ms.
Mono: successfully reloaded assembly
- Completed reload, in  2.209 seconds
Domain Reload Profiling:
	ReloadAssembly (2211ms)
		BeginReloadAssembly (245ms)
			ExecutionOrderSort (0ms)
			DisableScriptedObjects (15ms)
			BackupInstance (0ms)
			ReleaseScriptingObjects (0ms)
			CreateAndSetChildDomain (33ms)
		EndReloadAssembly (1724ms)
			LoadAssemblies (196ms)
			RebuildTransferFunctionScriptingTraits (0ms)
			SetupTypeCache (598ms)
			ReleaseScriptCaches (1ms)
			RebuildScriptCaches (122ms)
			SetupLoadedEditorAssemblies (747ms)
				LogAssemblyErrors (0ms)
				InitializePlatformSupportModulesInManaged (14ms)
				SetLoadedEditorAssemblies (2ms)
				RefreshPlugins (1ms)
				BeforeProcessingInitializeOnLoad (172ms)
				ProcessInitializeOnLoadAttributes (477ms)
				ProcessInitializeOnLoadMethodAttributes (71ms)
				AfterProcessingInitializeOnLoad (10ms)
				EditorAssembliesLoaded (0ms)
			ExecutionOrderSort2 (0ms)
			AwakeInstancesAfterBackupRestoration (13ms)
Platform modules already initialized, skipping
========================================================================
Worker process is ready to serve import requests
Launched and connected shader compiler UnityShaderCompiler.exe after 0.10 seconds
Refreshing native plugins compatible for Editor in 1.19 ms, found 2 plugins.
Preloading 0 native plugins for Editor in 0.00 ms.
Unloading 3210 Unused Serialized files (Serialized files now loaded: 0)
Unloading 44 unused Assets / (259.5 KB). Loaded Objects now: 3686.
Memory consumption went from 227.3 MB to 227.1 MB.
Total: 5.968600 ms (FindLiveObjects: 0.411600 ms CreateObjectMapping: 0.231300 ms MarkObjects: 5.068600 ms  DeleteObjects: 0.255100 ms)

AssetImportParameters requested are different than current active one (requested -> active):
  custom:video-decoder-ogg-theora: a1e56fd34408186e4bbccfd4996cb3dc -> 
  custom:container-muxer-webm: aa71ff27fc2769a1b78a27578f13a17b -> 
  custom:container-demuxer-webm: 4f35f7cbe854078d1ac9338744f61a02 -> 
  custom:video-encoder-webm-vp8: eb34c28f22e8b96e1ab97ce403110664 -> 
  custom:audio-encoder-webm-vorbis: bf7c407c2cedff20999df2af8eb42d56 -> 
  custom:framework-win-MediaFoundation: 216162199b28c13a410421893ffa2e32 -> 
  custom:container-demuxer-ogg: 62fdf1f143b41e24485cea50d1cbac27 -> 
  custom:video-decoder-webm-vp8: 9c59270c3fd7afecdb556c50c9e8de78 -> 
  custom:audio-decoder-ogg-vorbis: bf7c407c2cedff20999df2af8eb42d56 -> 
========================================================================
Received Import Request.
  Time since last request: 12814.421140 seconds.
  path: Assets/Gama Data/Art/Models/Int Door/Graveyard Lock.fbx
  artifactKey: Guid(c39056d7cff5e0e499807f213fa2dfb1) Importer(815301076,1909f56bfc062723c751e8b465ee728b)
Start importing Assets/Gama Data/Art/Models/Int Door/Graveyard Lock.fbx using Guid(c39056d7cff5e0e499807f213fa2dfb1) Importer(815301076,1909f56bfc062723c751e8b465ee728b)  -> (artifact id: '821006cc04203e24744acf056f31b03c') in 0.510282 seconds 
========================================================================
Received Import Request.
  Time since last request: 46.586700 seconds.
  path: Assets/Gama Data/Art/Materials/Tree Variant.prefab
  artifactKey: Guid(024f32220b17e8241aec6c7c1c519d7a) Importer(815301076,1909f56bfc062723c751e8b465ee728b)
Start importing Assets/Gama Data/Art/Materials/Tree Variant.prefab using Guid(024f32220b17e8241aec6c7c1c519d7a) Importer(815301076,1909f56bfc062723c751e8b465ee728b)  -> (artifact id: '7ac17d56b593562e6c7ccc9538e30f59') in 0.219597 seconds 
========================================================================
Received Import Request.
  Time since last request: 16.285255 seconds.
  path: Assets/Gama Data/Art/Materials/Atlas 1.mat
  artifactKey: Guid(617de3ddc9981db4ca4eef24f6acb99d) Importer(815301076,1909f56bfc062723c751e8b465ee728b)
Start importing Assets/Gama Data/Art/Materials/Atlas 1.mat using Guid(617de3ddc9981db4ca4eef24f6acb99d) Importer(815301076,1909f56bfc062723c751e8b465ee728b)  -> (artifact id: 'e30a6b11bf3d7c73f1acaa67004ba244') in 0.015909 seconds 
========================================================================
Received Import Request.
  Time since last request: 16.797991 seconds.
  path: Assets/Gama Data/Art/Texures/Atlas 2_Albedo(Alpha Smoothess).png
  artifactKey: Guid(3aa2b919453a62b4a9c82b18da96f0e5) Importer(815301076,1909f56bfc062723c751e8b465ee728b)
Start importing Assets/Gama Data/Art/Texures/Atlas 2_Albedo(Alpha Smoothess).png using Guid(3aa2b919453a62b4a9c82b18da96f0e5) Importer(815301076,1909f56bfc062723c751e8b465ee728b)  -> (artifact id: '2d83330a392196b7a34636a096033c3a') in 0.049518 seconds 
========================================================================
Received Import Request.
  Time since last request: 5.084254 seconds.
  path: Assets/Gama Data/Art/Texures/Atlas 2_Albedo(Alpha Smoothess).png
  artifactKey: Guid(3aa2b919453a62b4a9c82b18da96f0e5) Importer(815301076,1909f56bfc062723c751e8b465ee728b)
Start importing Assets/Gama Data/Art/Texures/Atlas 2_Albedo(Alpha Smoothess).png using Guid(3aa2b919453a62b4a9c82b18da96f0e5) Importer(815301076,1909f56bfc062723c751e8b465ee728b)  -> (artifact id: 'db18b863454adae682d23fdd0c3cb62d') in 0.014318 seconds 
========================================================================
Received Import Request.
  Time since last request: 10.342350 seconds.
  path: Assets/Gama Data/Art/Models/Graveyard/Coffin.fbx
  artifactKey: Guid(a8b16f9cb3e81e24bb4c9c29da0969cc) Importer(815301076,1909f56bfc062723c751e8b465ee728b)
Start importing Assets/Gama Data/Art/Models/Graveyard/Coffin.fbx using Guid(a8b16f9cb3e81e24bb4c9c29da0969cc) Importer(815301076,1909f56bfc062723c751e8b465ee728b)  -> (artifact id: '979b09f62fedb4ebe0aaec95fc87a986') in 0.075897 seconds 
========================================================================
Received Import Request.
  Time since last request: 0.000042 seconds.
  path: Assets/Gama Data/Art/Models/Graveyard/Tombstones.fbx
  artifactKey: Guid(0d6f2bd697643d244956a523d91bab0c) Importer(815301076,1909f56bfc062723c751e8b465ee728b)
Start importing Assets/Gama Data/Art/Models/Graveyard/Tombstones.fbx using Guid(0d6f2bd697643d244956a523d91bab0c) Importer(815301076,1909f56bfc062723c751e8b465ee728b)  -> (artifact id: '07a540fb798caa4ff437e1a511370743') in 0.046540 seconds 
========================================================================
Received Import Request.
  Time since last request: 1.374671 seconds.
  path: Assets/Gama Data/Art/Models/Gates/GraveyardGate.fbx
  artifactKey: Guid(392197458ff60c04eadf6ed936334726) Importer(815301076,1909f56bfc062723c751e8b465ee728b)
Start importing Assets/Gama Data/Art/Models/Gates/GraveyardGate.fbx using Guid(392197458ff60c04eadf6ed936334726) Importer(815301076,1909f56bfc062723c751e8b465ee728b)  -> (artifact id: 'e95b386fa84a6e1f9064ca5ac55523f5') in 0.082360 seconds 
========================================================================
Received Import Request.
  Time since last request: 29.267007 seconds.
  path: Assets/Gama Data/Art/Models/Graveyard/Graveyard Lock.fbx
  artifactKey: Guid(c39056d7cff5e0e499807f213fa2dfb1) Importer(815301076,1909f56bfc062723c751e8b465ee728b)
Start importing Assets/Gama Data/Art/Models/Graveyard/Graveyard Lock.fbx using Guid(c39056d7cff5e0e499807f213fa2dfb1) Importer(815301076,1909f56bfc062723c751e8b465ee728b)  -> (artifact id: 'd399e7e34db66d0184cc0f58c8585f3c') in 0.017369 seconds 
========================================================================
Received Import Request.
  Time since last request: 21.065512 seconds.
  path: Assets/Plugins/Zenject/OptionalExtras/SampleGame1 (Beginner)/Media/Imported/SpaceShip/Textures/512_TXTR+Spec.tif
  artifactKey: Guid(96dace51c0add3a46a111a286f8455a6) Importer(815301076,1909f56bfc062723c751e8b465ee728b)
Start importing Assets/Plugins/Zenject/OptionalExtras/SampleGame1 (Beginner)/Media/Imported/SpaceShip/Textures/512_TXTR+Spec.tif using Guid(96dace51c0add3a46a111a286f8455a6) Importer(815301076,1909f56bfc062723c751e8b465ee728b)  -> (artifact id: '2b899d120ff511b78e923010268b72bd') in 0.274358 seconds 
========================================================================
Received Import Request.
  Time since last request: 0.000036 seconds.
  path: Packages/com.unity.collab-proxy/Editor/Collaborate/Assets/Icons/added-file-dark@2x.png
  artifactKey: Guid(c223e0c507e2c6549a2cb97441b62cbe) Importer(815301076,1909f56bfc062723c751e8b465ee728b)
Start importing Packages/com.unity.collab-proxy/Editor/Collaborate/Assets/Icons/added-file-dark@2x.png using Guid(c223e0c507e2c6549a2cb97441b62cbe) Importer(815301076,1909f56bfc062723c751e8b465ee728b)  -> (artifact id: '0cc2b929641721efc6a65bd743e63bb9') in 0.178276 seconds 
========================================================================
Received Import Request.
  Time since last request: 0.000055 seconds.
  path: Assets/Plugins/Zenject/OptionalExtras/SampleGame1 (Beginner)/Media/Textures/asteroid.png
  artifactKey: Guid(f67021125bb29c34d81355e68915c874) Importer(815301076,1909f56bfc062723c751e8b465ee728b)
Start importing Assets/Plugins/Zenject/OptionalExtras/SampleGame1 (Beginner)/Media/Textures/asteroid.png using Guid(f67021125bb29c34d81355e68915c874) Importer(815301076,1909f56bfc062723c751e8b465ee728b)  -> (artifact id: 'c44f8961624b2928718c23ee4effbd58') in 0.119435 seconds 
========================================================================
Received Import Request.
  Time since last request: 0.000041 seconds.
  path: Packages/com.unity.collab-proxy/Editor/Collaborate/Assets/Icons/added-file-light.png
  artifactKey: Guid(397fff6c3885f8343bb65714f0064b5d) Importer(815301076,1909f56bfc062723c751e8b465ee728b)
Start importing Packages/com.unity.collab-proxy/Editor/Collaborate/Assets/Icons/added-file-light.png using Guid(397fff6c3885f8343bb65714f0064b5d) Importer(815301076,1909f56bfc062723c751e8b465ee728b)  -> (artifact id: 'b9f026e4bc8ad96d44ca6c5619ddc29f') in 0.100279 seconds 
========================================================================
Received Import Request.
  Time since last request: 1.812975 seconds.
  path: Packages/com.unity.collab-proxy/Editor/Collaborate/Assets/Icons/collaborate-available-changes-dark.png
  artifactKey: Guid(07ab2758fd6b77141ae34a703972f385) Importer(815301076,1909f56bfc062723c751e8b465ee728b)
Start importing Packages/com.unity.collab-proxy/Editor/Collaborate/Assets/Icons/collaborate-available-changes-dark.png using Guid(07ab2758fd6b77141ae34a703972f385) Importer(815301076,1909f56bfc062723c751e8b465ee728b)  -> (artifact id: '5488a67df11421194d27ccf13b29d555') in 0.083032 seconds 
========================================================================
Received Import Request.
  Time since last request: 0.000040 seconds.
  path: Packages/com.unity.collab-proxy/Editor/Collaborate/Assets/Icons/collaborate-done-dark@2x.png
  artifactKey: Guid(fba4512e3548e0548b2cf4f11913e257) Importer(815301076,1909f56bfc062723c751e8b465ee728b)
Start importing Packages/com.unity.collab-proxy/Editor/Collaborate/Assets/Icons/collaborate-done-dark@2x.png using Guid(fba4512e3548e0548b2cf4f11913e257) Importer(815301076,1909f56bfc062723c751e8b465ee728b)  -> (artifact id: 'c9fc22eec11f8129720ebf91b6abf002') in 0.118892 seconds 
========================================================================
Received Import Request.
  Time since last request: 0.000040 seconds.
  path: Packages/com.unity.collab-proxy/Editor/Collaborate/Assets/Icons/collaborate-error-light.png
  artifactKey: Guid(b08f8cbc53d0bfb45bd2fd1f676d3554) Importer(815301076,1909f56bfc062723c751e8b465ee728b)
Start importing Packages/com.unity.collab-proxy/Editor/Collaborate/Assets/Icons/collaborate-error-light.png using Guid(b08f8cbc53d0bfb45bd2fd1f676d3554) Importer(815301076,1909f56bfc062723c751e8b465ee728b)  -> (artifact id: 'f268bb9f9bc906ec1eac7b09632464a7') in 0.070695 seconds 
========================================================================
Received Import Request.
  Time since last request: 0.000030 seconds.
  path: Packages/com.unity.collab-proxy/Editor/Collaborate/Assets/Icons/collaborate-available-changes-light@2x.png
  artifactKey: Guid(8478a99d8fb61c94ba938c3034d449c6) Importer(815301076,1909f56bfc062723c751e8b465ee728b)
Start importing Packages/com.unity.collab-proxy/Editor/Collaborate/Assets/Icons/collaborate-available-changes-light@2x.png using Guid(8478a99d8fb61c94ba938c3034d449c6) Importer(815301076,1909f56bfc062723c751e8b465ee728b)  -> (artifact id: '38a36caac93cedc0fc3d383238e2945c') in 0.073372 seconds 
========================================================================
Received Import Request.
  Time since last request: 0.000029 seconds.
  path: Packages/com.unity.collab-proxy/Editor/Collaborate/Assets/Icons/collaborate-incoming-dark.png
  artifactKey: Guid(4f1f02bee0a5ae24aac00a40a212299a) Importer(815301076,1909f56bfc062723c751e8b465ee728b)
Start importing Packages/com.unity.collab-proxy/Editor/Collaborate/Assets/Icons/collaborate-incoming-dark.png using Guid(4f1f02bee0a5ae24aac00a40a212299a) Importer(815301076,1909f56bfc062723c751e8b465ee728b)  -> (artifact id: '9d8c7e6e59563518a6ecdd3fb8e98222') in 0.134233 seconds 
========================================================================
Received Import Request.
  Time since last request: 0.000038 seconds.
  path: Packages/com.unity.collab-proxy/Editor/Collaborate/Assets/Icons/collaborate-done-dark.png
  artifactKey: Guid(80c31f397a3ab184bae2f0d4b3dc5c1d) Importer(815301076,1909f56bfc062723c751e8b465ee728b)
Start importing Packages/com.unity.collab-proxy/Editor/Collaborate/Assets/Icons/collaborate-done-dark.png using Guid(80c31f397a3ab184bae2f0d4b3dc5c1d) Importer(815301076,1909f56bfc062723c751e8b465ee728b)  -> (artifact id: 'f6e05488969097b4664dc4dc6bdc7091') in 0.081067 seconds 
========================================================================
Received Import Request.
  Time since last request: 0.000048 seconds.
  path: Packages/com.unity.collab-proxy/Editor/Collaborate/Assets/Icons/collaborate-incoming-light@2x.png
  artifactKey: Guid(75d22b424580dde41824299bb20d1de1) Importer(815301076,1909f56bfc062723c751e8b465ee728b)
Start importing Packages/com.unity.collab-proxy/Editor/Collaborate/Assets/Icons/collaborate-incoming-light@2x.png using Guid(75d22b424580dde41824299bb20d1de1) Importer(815301076,1909f56bfc062723c751e8b465ee728b)  -> (artifact id: 'dc04eb8de95d44faa94cc4094928f9cb') in 0.135773 seconds 
========================================================================
Received Import Request.
  Time since last request: 0.000028 seconds.
  path: Packages/com.unity.collab-proxy/Editor/Collaborate/Assets/Icons/collaborate-available-changes-light.png
  artifactKey: Guid(c27f4e1f2b76b2f45b48df65c02ba338) Importer(815301076,1909f56bfc062723c751e8b465ee728b)
Start importing Packages/com.unity.collab-proxy/Editor/Collaborate/Assets/Icons/collaborate-available-changes-light.png using Guid(c27f4e1f2b76b2f45b48df65c02ba338) Importer(815301076,1909f56bfc062723c751e8b465ee728b)  -> (artifact id: 'e127faf63c51e728cd5bb076edb6f845') in 0.064032 seconds 
========================================================================
Received Import Request.
  Time since last request: 0.000040 seconds.
  path: Packages/com.unity.collab-proxy/Editor/Collaborate/Assets/Icons/collaborate-incoming-light.png
  artifactKey: Guid(0919e5a835eb86343b8b1722ea1d32a8) Importer(815301076,1909f56bfc062723c751e8b465ee728b)
Start importing Packages/com.unity.collab-proxy/Editor/Collaborate/Assets/Icons/collaborate-incoming-light.png using Guid(0919e5a835eb86343b8b1722ea1d32a8) Importer(815301076,1909f56bfc062723c751e8b465ee728b)  -> (artifact id: '7b770171532d23364c104a6ae81e5303') in 0.048093 seconds 
========================================================================
Received Import Request.
  Time since last request: 0.000087 seconds.
  path: Packages/com.unity.collab-proxy/Editor/Collaborate/Assets/Icons/collaborate-light@2x.png
  artifactKey: Guid(837c493ae228aaf4d977e9138707008d) Importer(815301076,1909f56bfc062723c751e8b465ee728b)
Start importing Packages/com.unity.collab-proxy/Editor/Collaborate/Assets/Icons/collaborate-light@2x.png using Guid(837c493ae228aaf4d977e9138707008d) Importer(815301076,1909f56bfc062723c751e8b465ee728b)  -> (artifact id: '6799b30d9d5e23468c2a3be58ffd5d12') in 0.058434 seconds 
Editor requested this worker to shutdown with reason: Scaling down because of idle timeout
AssetImportWorker is now disconnected from the server
Process exiting
Exiting without the bug reporter. Application will terminate with return code 0